[2026-04-25T17:23:57.705837] "GET /status HTTP/1.1" 200 -
[2026-04-25T17:24:49.330251] "POST /task HTTP/1.1" 400 -
[2026-04-25T17:25:12.621424] "POST /task HTTP/1.1" 202 -
[2026-04-25T17:25:49.137959] "GET /result/verify-fix HTTP/1.1" 200 -
[2026-04-25T17:26:28.775009] "GET /result/verify-fix HTTP/1.1" 200 -
[2026-04-25T17:29:10.352527] "GET /status HTTP/1.1" 200 -
[2026-04-25T17:29:37.345325] "GET /status HTTP/1.1" 200 -
[2026-04-25T17:29:41.645909] "POST /task HTTP/1.1" 400 -
[2026-04-25T17:29:41.698814] "POST /task HTTP/1.1" 202 -
[2026-04-25T17:29:52.781039] "GET /result HTTP/1.1" 200 -
[2026-04-25T17:29:55.049173] "GET /inbox HTTP/1.1" 200 -
[2026-04-25T17:30:09.853276] "GET /result/verify-fix HTTP/1.1" 200 -
[2026-04-25T17:30:11.989571] "GET /inbox/132b0997 HTTP/1.1" 200 -
[2026-04-25T17:30:14.078657] "GET /inbox/2a206eba HTTP/1.1" 200 -
[2026-04-25T17:30:28.406850] "POST /task HTTP/1.1" 202 -
[2026-04-25T17:30:32.349972] "GET /result/verify-v2 HTTP/1.1" 200 -
[2026-04-25T17:31:06.962138] "GET /inbox HTTP/1.1" 200 -
[2026-04-25T17:31:08.913604] "GET /result HTTP/1.1" 200 -
[2026-04-25T17:31:12.223488] "GET /result/hermes_status_check HTTP/1.1" 200 -
[2026-04-25T17:32:00.695453] "GET /result/hermes_status_check HTTP/1.1" 200 -
[2026-04-25T17:32:17.811331] "GET /status HTTP/1.1" 200 -
[2026-04-25T17:32:44.888766] "POST /task HTTP/1.1" 202 -
[2026-04-25T17:33:19.943267] "GET /result/verify-v3 HTTP/1.1" 200 -
[2026-04-25T17:33:32.038972] "GET /result/hermes_status_check HTTP/1.1" 200 -
[2026-04-25T17:35:49.579664] "GET /result/hermes_status_check HTTP/1.1" 200 -
[2026-04-25T17:36:07.505336] "GET /status HTTP/1.1" 200 -
[2026-04-25T17:36:07.587302] "POST /task HTTP/1.1" 202 -
[2026-04-25T17:36:56.123208] "GET /result/verify-v4 HTTP/1.1" 200 -
[2026-04-25T17:38:14.879245] "GET /result/hermes_status_check HTTP/1.1" 200 -
[2026-04-25T17:40:39.635999] "GET /result/hermes_status_check HTTP/1.1" 200 -
[2026-04-25T17:44:11.685760] "POST /task HTTP/1.1" 202 -
[2026-04-25T17:45:17.448507] "GET /result/verify-v5 HTTP/1.1" 200 -
[2026-04-25T19:53:47.491445] "GET /status HTTP/1.1" 200 -
[2026-04-25T19:53:59.470112] "POST /task HTTP/1.1" 202 -
[2026-04-25T19:54:13.521953] "POST /task HTTP/1.1" 202 -
[2026-04-25T19:54:46.822352] "GET /result/bridge_test_shell_001 HTTP/1.1" 200 -
[2026-04-25T19:55:02.639546] "GET /result/bridge_test_chat_001 HTTP/1.1" 200 -
[2026-04-25T19:55:28.074205] "POST /task HTTP/1.1" 202 -
[2026-04-25T19:55:30.204528] "POST /task HTTP/1.1" 202 -
[2026-04-25T19:55:32.286281] "POST /task HTTP/1.1" 202 -
[2026-04-25T19:56:00.654168] "GET /result/concurrent_001 HTTP/1.1" 200 -
[2026-04-25T19:56:02.850267] "GET /result/concurrent_002 HTTP/1.1" 200 -
[2026-04-25T19:56:24.185998] "GET /result/concurrent_002 HTTP/1.1" 200 -
[2026-04-25T19:56:26.390582] "GET /result/concurrent_003 HTTP/1.1" 200 -
[2026-04-25T22:06:32.006676] "GET /status HTTP/1.1" 200 -
[2026-04-25T22:06:46.222154] "GET /inbox HTTP/1.1" 200 -
[2026-04-25T22:15:09.532122] "GET /status HTTP/1.1" 200 -
[2026-04-25T22:15:19.184137] "POST /task HTTP/1.1" 202 -
[2026-04-25T22:15:33.491161] "GET /result/hermes_bridge_test_001 HTTP/1.1" 200 -
[2026-04-25T22:15:53.847880] "POST /message HTTP/1.1" 201 -
[2026-04-25T22:16:19.665139] "POST /task HTTP/1.1" 202 -
[2026-04-25T22:16:34.086845] "GET /result/hermes_check_pytest_001 HTTP/1.1" 200 -
[2026-04-25T22:16:52.858130] "POST /task HTTP/1.1" 202 -
[2026-04-25T22:17:41.076846] "GET /result/hermes_check_env_001 HTTP/1.1" 200 -
[2026-04-25T22:18:38.865681] "POST /task HTTP/1.1" 202 -
[2026-04-25T22:18:52.912302] "GET /result/hermes_check_env_002 HTTP/1.1" 200 -
[2026-04-25T22:19:25.898948] "POST /task HTTP/1.1" 202 -
[2026-04-25T22:19:42.936851] "GET /result/hermes_check_path_001 HTTP/1.1" 200 -
[2026-04-25T22:23:37.395099] "POST /task HTTP/1.1" 202 -
[2026-04-25T22:24:15.731195] "GET /result/hermes_test_ml_all_001 HTTP/1.1" 200 -
[2026-04-25T22:25:48.707688] "POST /task HTTP/1.1" 202 -
[2026-04-25T22:26:38.928084] "GET /result/hermes_test_ml_all_002 HTTP/1.1" 200 -
[2026-04-25T22:26:59.673465] "POST /task HTTP/1.1" 400 -
[2026-04-25T22:27:19.191236] "POST /task HTTP/1.1" 202 -
[2026-04-25T22:27:35.100082] "GET /result/hermes_debug_storage_002 HTTP/1.1" 200 -
[2026-04-25T22:27:54.939973] "POST /task HTTP/1.1" 202 -
[2026-04-25T22:28:09.282923] "GET /result/hermes_debug_storage_003 HTTP/1.1" 200 -
[2026-04-25T22:28:30.846593] "POST /task HTTP/1.1" 202 -
[2026-04-25T22:28:45.168752] "GET /result/hermes_debug_storage_004 HTTP/1.1" 200 -
[2026-04-25T22:29:04.297418] "POST /task HTTP/1.1" 202 -
[2026-04-25T22:29:48.319775] "GET /result/hermes_test_ml_all_003 HTTP/1.1" 200 -
[2026-04-25T22:45:23.307382] "POST /task HTTP/1.1" 202 -
[2026-04-25T22:46:17.385240] "GET /result/hermes_idempotent_test_001 HTTP/1.1" 200 -
[2026-04-25T22:46:55.849853] "POST /task HTTP/1.1" 202 -
[2026-04-25T22:47:07.659485] "GET /result/hermes_idempotent_002 HTTP/1.1" 200 -
[2026-04-25T22:48:17.523953] "POST /task HTTP/1.1" 202 -
[2026-04-25T22:49:01.817078] "GET /result/hermes_test_ml_all_004 HTTP/1.1" 200 -
[2026-04-25T23:12:06.287130] "POST /task HTTP/1.1" 202 -
[2026-04-25T23:12:22.788711] "POST /task HTTP/1.1" 202 -
[2026-04-25T23:12:40.622198] "GET /result/hermes_v25_verify_002 HTTP/1.1" 200 -
[2026-04-25T23:13:14.390213] "POST /task HTTP/1.1" 202 -
[2026-04-25T23:13:31.887309] "GET /result/hermes_v25_verify_003 HTTP/1.1" 200 -
[2026-04-28T17:42:31.066009] "GET /health HTTP/1.1" 404 -
[2026-04-28T17:42:54.665598] "GET / HTTP/1.1" 404 -
[2026-04-28T17:43:33.734808] "GET / HTTP/1.1" 404 -
[2026-04-28T18:11:33.235358] "GET /inbox HTTP/1.1" 200 -
[2026-04-28T18:16:25.905367] "GET /inbox HTTP/1.1" 200 -
[2026-04-28T23:16:33.849790] "GET /result HTTP/1.1" 200 -
[2026-04-28T23:17:10.752830] "POST /task HTTP/1.1" 400 -
[2026-04-28T23:17:22.475243] "POST /task HTTP/1.1" 400 -
[2026-04-28T23:17:36.486304] "POST /task HTTP/1.1" 400 -
[2026-04-28T23:17:52.845095] "POST /task HTTP/1.1" 400 -
[2026-04-28T23:18:03.496554] "POST /task HTTP/1.1" 400 -
[2026-04-28T23:19:06.030350] "POST /task HTTP/1.1" 202 -
[2026-04-28T23:20:14.070074] "GET /result?task_id=hermes_feishu_check_001 HTTP/1.1" 404 -
[2026-04-28T23:20:26.784939] "GET /result HTTP/1.1" 200 -
[2026-04-28T23:26:25.392566] "POST /task HTTP/1.1" 202 -
[2026-04-28T23:27:09.293719] "GET /result HTTP/1.1" 200 -
[2026-04-28T23:28:00.653386] "POST /task HTTP/1.1" 202 -
[2026-04-28T23:28:19.419318] "GET /result HTTP/1.1" 200 -
[2026-04-28T23:30:51.308828] "POST /task HTTP/1.1" 202 -
[2026-04-28T23:31:23.708479] "GET /result HTTP/1.1" 200 -
[2026-04-28T23:32:11.416178] "POST /task HTTP/1.1" 202 -
[2026-04-28T23:40:50.581470] "GET /result HTTP/1.1" 200 -
[2026-04-28T23:44:16.203290] "POST /task HTTP/1.1" 202 -
[2026-04-28T23:44:59.114021] "GET /result HTTP/1.1" 200 -
[2026-04-28T23:45:19.801380] "POST /task HTTP/1.1" 202 -
[2026-04-28T23:45:55.042136] "GET /result HTTP/1.1" 200 -
[2026-04-28T23:46:41.808025] "POST /task HTTP/1.1" 202 -
[2026-04-28T23:47:23.478666] "GET /result HTTP/1.1" 200 -
[2026-04-28T23:47:42.529296] "POST /task HTTP/1.1" 202 -
[2026-04-28T23:48:13.433909] "GET /result HTTP/1.1" 200 -
[2026-04-28T23:48:47.258449] "POST /task HTTP/1.1" 202 -
[2026-04-28T23:49:11.375703] "GET /result HTTP/1.1" 200 -
[2026-04-29T00:00:51.286335] "POST /task HTTP/1.1" 400 -
[2026-04-29T00:00:58.353313] "POST /task HTTP/1.1" 202 -
[2026-04-29T00:01:33.777873] "GET /result?task_id=ref-check HTTP/1.1" 404 -
[2026-04-29T00:01:38.626620] "GET /result/ref-check HTTP/1.1" 200 -
[2026-04-29T00:01:44.158395] "POST /task HTTP/1.1" 202 -
[2026-04-29T00:02:19.967959] "GET /result/mkdir-puck HTTP/1.1" 200 -
[2026-04-29T00:02:33.647952] "POST /task HTTP/1.1" 400 -
[2026-04-29T00:03:39.923512] "POST /task HTTP/1.1" 202 -
[2026-04-29T00:03:48.783423] "GET /result/copy-env HTTP/1.1" 200 -
[2026-04-29T00:04:03.161256] "POST /task HTTP/1.1" 202 -
[2026-04-29T00:04:08.036739] "GET /result/verify-env HTTP/1.1" 200 -
[2026-04-29T00:04:38.124066] "POST /task HTTP/1.1" 202 -
[2026-04-29T00:04:48.804503] "GET /result/check-hermes HTTP/1.1" 200 -
[2026-04-29T00:05:24.416267] "POST /task HTTP/1.1" 202 -
[2026-04-29T00:05:31.490257] "GET /result/check-nanobot-proc HTTP/1.1" 200 -
[2026-04-29T00:05:41.823725] "POST /task HTTP/1.1" 202 -
[2026-04-29T00:05:48.718557] "GET /result/start-puck-gw HTTP/1.1" 200 -
[2026-04-29T00:12:18.572497] "POST /task HTTP/1.1" 202 -
[2026-04-29T00:12:49.532777] "GET /result/check-puck-proc HTTP/1.1" 200 -
[2026-04-29T00:13:04.363126] "POST /task HTTP/1.1" 202 -
[2026-04-29T00:15:10.004713] "GET /result/check-puck-log HTTP/1.1" 200 -
[2026-04-29T00:17:49.838786] "GET /result/check-puck-log HTTP/1.1" 200 -
[2026-04-29T00:18:10.815482] "POST /task HTTP/1.1" 202 -
[2026-04-29T00:18:15.513439] "GET /result/check-puck-status HTTP/1.1" 200 -
[2026-04-29T00:18:46.334708] "POST /task HTTP/1.1" 202 -
[2026-04-29T00:18:53.225201] "GET /result/check-feishu-status HTTP/1.1" 200 -
[2026-04-29T00:19:06.972304] "POST /task HTTP/1.1" 202 -
[2026-04-29T00:19:47.443194] "POST /task HTTP/1.1" 202 -
[2026-04-29T00:19:52.876046] "POST /task HTTP/1.1" 202 -
[2026-04-29T00:20:09.105352] "GET /result HTTP/1.1" 200 -
[2026-04-29T00:20:30.136573] "GET /result?task_id=check-puck-gw HTTP/1.1" 404 -
[2026-04-29T00:20:30.772905] "POST /task HTTP/1.1" 202 -
[2026-04-29T00:20:41.920646] "GET /result?task_id=check-puck-gw HTTP/1.1" 404 -
[2026-04-29T00:20:53.335656] "POST /task HTTP/1.1" 202 -
[2026-04-29T00:21:12.248419] "GET /result?task_id=check-puck2 HTTP/1.1" 404 -
[2026-04-29T00:21:26.868566] "GET /result HTTP/1.1" 200 -
[2026-04-29T00:21:26.917655] "POST /task HTTP/1.1" 202 -
[2026-04-29T00:21:41.436553] "POST /task HTTP/1.1" 202 -
[2026-04-29T00:21:54.591721] "GET /result?task_id=puck-check3 HTTP/1.1" 404 -
[2026-04-29T00:22:01.226871] "GET /result HTTP/1.1" 200 -
[2026-04-29T00:27:43.086386] "POST /task HTTP/1.1" 202 -
[2026-04-29T00:28:09.308661] "GET /result HTTP/1.1" 200 -
[2026-04-29T00:28:50.075871] "POST /task HTTP/1.1" 202 -
[2026-04-29T00:29:30.205318] "GET /result HTTP/1.1" 200 -
[2026-04-29T00:29:41.267382] "POST /task HTTP/1.1" 202 -
[2026-04-29T00:30:01.001780] "GET /result HTTP/1.1" 200 -
[2026-04-30T15:45:34.242516] "GET /inbox HTTP/1.1" 200 -
[2026-04-30T15:51:27.336610] "GET /inbox HTTP/1.1" 200 -
[2026-04-30T15:52:06.334356] "GET /inbox HTTP/1.1" 200 -
[2026-04-30T15:54:14.985371] "GET /inbox HTTP/1.1" 200 -
[2026-04-30T15:56:44.574690] "POST /message HTTP/1.1" 201 -
[2026-04-30T15:56:45.638168] "GET /inbox HTTP/1.1" 200 -
[2026-04-30T15:57:05.032934] "POST /message HTTP/1.1" 201 -
[2026-04-30T15:57:24.703642] "POST /task HTTP/1.1" 400 -
[2026-04-30T15:57:41.567375] "POST /task HTTP/1.1" 202 -
[2026-04-30T15:57:46.735141] "GET /result?task_id=b3295ce0 HTTP/1.1" 404 -
[2026-04-30T15:57:46.932746] "GET /inbox HTTP/1.1" 200 -
[2026-04-30T15:58:07.540924] "POST /message HTTP/1.1" 201 -
[2026-04-30T15:58:15.613859] "GET /result?task_id=b3295ce0 HTTP/1.1" 404 -
[2026-04-30T15:58:15.860085] "GET /inbox HTTP/1.1" 200 -
[2026-04-30T15:58:35.024618] "GET /result?task_id=b3295ce0 HTTP/1.1" 404 -
[2026-04-30T15:58:35.203915] "GET /inbox HTTP/1.1" 200 -
[2026-04-30T16:01:45.673801] "GET /inbox HTTP/1.1" 200 -
[2026-04-30T16:04:59.200786] "GET /inbox HTTP/1.1" 200 -
[2026-04-30T16:05:27.887493] "GET /inbox HTTP/1.1" 200 -
[2026-04-30T16:08:44.091733] "POST /message HTTP/1.1" 201 -
[2026-04-30T16:08:51.072950] "POST /message HTTP/1.1" 201 -
[2026-04-30T16:09:16.747727] "GET /inbox HTTP/1.1" 200 -
[2026-04-30T16:09:28.775564] "GET /inbox HTTP/1.1" 200 -
[2026-04-30T16:09:34.744231] "POST /message HTTP/1.1" 201 -
[2026-04-30T16:10:07.383955] "GET /inbox HTTP/1.1" 200 -
[2026-04-30T16:10:25.598254] "POST /message HTTP/1.1" 201 -
[2026-04-30T16:10:54.054368] "GET /inbox HTTP/1.1" 200 -
[2026-04-30T16:11:00.774037] "GET /inbox HTTP/1.1" 200 -
[2026-04-30T16:11:20.137720] "GET /inbox HTTP/1.1" 200 -
[2026-04-30T16:11:44.656767] "POST /message HTTP/1.1" 201 -
[2026-04-30T16:12:44.326771] "GET /inbox HTTP/1.1" 200 -
[2026-04-30T16:13:56.570386] "GET /inbox HTTP/1.1" 200 -
[2026-04-30T16:14:26.933449] "POST /message HTTP/1.1" 201 -
[2026-04-30T16:19:01.828691] "GET /inbox HTTP/1.1" 401 -
[2026-04-30T16:19:01.865851] "GET /inbox HTTP/1.1" 401 -
[2026-04-30T16:19:02.107028] "GET /inbox HTTP/1.1" 200 -
[2026-04-30T16:19:02.168832] "POST /message HTTP/1.1" 201 -
[2026-04-30T16:20:01.349038] "GET /inbox HTTP/1.1" 401 -
[2026-04-30T16:20:01.620540] "GET /inbox HTTP/1.1" 200 -
[2026-04-30T16:20:01.659814] "POST /message HTTP/1.1" 201 -
[2026-04-30T16:20:01.698579] "POST /message HTTP/1.1" 401 -
[2026-04-30T16:20:10.535753] "POST /message HTTP/1.1" 201 -
[2026-04-30T16:20:24.553230] "POST /message HTTP/1.1" 201 -
[2026-04-30T16:20:50.318911] "POST /message HTTP/1.1" 201 -
[2026-04-30T16:23:00.482156] "POST /message HTTP/1.1" 201 -
[2026-04-30T16:24:29.972283] "GET /inbox HTTP/1.1" 200 -
[2026-04-30T16:24:53.673331] "POST /message HTTP/1.1" 201 -
[2026-04-30T16:26:28.358829] "GET /inbox HTTP/1.1" 200 -
[2026-04-30T16:28:14.608390] "POST /message HTTP/1.1" 201 -
[2026-04-30T16:31:18.800713] "GET /inbox HTTP/1.1" 200 -
[2026-04-30T16:31:20.543555] "POST /message HTTP/1.1" 201 -
[2026-04-30T16:33:11.032017] "POST /task HTTP/1.1" 202 -
[2026-04-30T16:33:13.876943] "POST /message HTTP/1.1" 201 -
[2026-04-30T16:34:34.201635] "GET /result?task_id=a3b0781e HTTP/1.1" 404 -
[2026-04-30T16:34:34.620261] "GET /inbox HTTP/1.1" 200 -
[2026-04-30T16:34:52.151619] "GET /inbox HTTP/1.1" 200 -
[2026-04-30T16:34:56.193310] "POST /message HTTP/1.1" 201 -
[2026-04-30T16:35:35.587990] "GET /inbox HTTP/1.1" 200 -
[2026-04-30T16:36:18.155541] "GET /inbox HTTP/1.1" 200 -
[2026-04-30T16:37:04.120290] "GET /inbox HTTP/1.1" 200 -
[2026-04-30T16:37:56.842195] "POST /message HTTP/1.1" 201 -
[2026-04-30T16:42:10.889899] "POST /message HTTP/1.1" 201 -
[2026-04-30T16:42:11.828618] "POST /message HTTP/1.1" 201 -
[2026-04-30T16:42:35.377472] "POST /message HTTP/1.1" 201 -
[2026-04-30T16:43:18.440724] "POST /message HTTP/1.1" 201 -
[2026-04-30T16:44:31.038903] "POST /message HTTP/1.1" 201 -
[2026-04-30T16:47:09.011289] "POST /message HTTP/1.1" 201 -
[2026-04-30T16:47:13.065585] "POST /message HTTP/1.1" 201 -
[2026-04-30T16:52:13.951660] "POST /message HTTP/1.1" 201 -
[2026-04-30T16:52:17.238550] "POST /message HTTP/1.1" 201 -
[2026-04-30T16:52:53.332400] "GET /inbox HTTP/1.1" 200 -
[2026-04-30T16:58:15.331424] "POST /message HTTP/1.1" 201 -
[2026-04-30T17:02:44.582010] "GET /inbox?agent=athena HTTP/1.1" 401 -
[2026-04-30T17:02:44.621010] "GET /inbox?agent=puck HTTP/1.1" 401 -
[2026-04-30T17:03:06.968816] "GET /inbox?agent=athena HTTP/1.1" 401 -
[2026-04-30T17:03:07.009018] "GET /inbox?agent=puck HTTP/1.1" 401 -
[2026-04-30T19:02:52.798613] "GET /inbox HTTP/1.1" 401 -
[2026-04-30T19:03:07.762215] "GET /inbox HTTP/1.1" 401 -
[2026-04-30T19:03:09.101659] "GET /health HTTP/1.1" 401 -
[2026-04-30T19:03:24.269199] "GET /inbox HTTP/1.1" 401 -
[2026-04-30T19:03:24.316518] "GET /result HTTP/1.1" 401 -
[2026-04-30T19:03:29.390930] "GET /inbox HTTP/1.1" 401 -
[2026-04-30T19:03:30.344231] "GET /inbox HTTP/1.1" 401 -
[2026-04-30T19:03:33.059183] "GET /inbox HTTP/1.1" 401 -
[2026-04-30T19:04:11.802115] "GET /inbox HTTP/1.1" 200 -
[2026-04-30T19:04:49.336850] "POST /message HTTP/1.1" 201 -
[2026-04-30T19:05:15.760007] "POST /message HTTP/1.1" 201 -
[2026-04-30T19:18:52.049894] "POST /message HTTP/1.1" 201 -
[2026-04-30T19:33:56.203093] "GET /inbox HTTP/1.1" 200 -
[2026-04-30T19:34:15.133270] "POST /message HTTP/1.1" 201 -
[2026-04-30T20:51:59.976484] "POST /task HTTP/1.1" 202 -
